  [index] data.sqlite3  (1826 msgs, 37 chunks)
  [index] store.db  (18 msgs, 1 chunks)
  [index] store.db  (0 msgs, 0 chunks)
  [index] store.db  (8 msgs, 1 chunks)
  [index] store.db  (0 msgs, 0 chunks)
  [index] store.db  (13 msgs, 1 chunks)
  [index] store.db  (9 msgs, 1 chunks)
  [index] fce2a54f-6839-4e5f-92a3-61ec3fa90bc8.jsonl  (272 msgs, 6 chunks)
  [index] d12b425b-0db7-47ea-b782-6878c8019fe6.jsonl  (72 msgs, 2 chunks)
  [index] 5f69307e-f068-44bd-ab86-bc2bbb96e6b4.jsonl  (7 msgs, 1 chunks)
  [index] e5de6e24-20ca-49a7-b4ca-04de67c2f336.jsonl  (276 msgs, 6 chunks)
  [index] 1cce73c6-2979-4588-8282-4ad563c66ee7.jsonl  (14 msgs, 1 chunks)
  [index] 5999742f-1ad4-4f2e-948d-482577e853ae.jsonl  (17 msgs, 1 chunks)
  [index] 4bc6bd10-702e-4579-b63c-dc3eb35f688c.jsonl  (69 msgs, 2 chunks)
  [index] 6ee0deeb-e6b6-4391-9e2b-09b32b8d2600.jsonl  (2 msgs, 1 chunks)
  [index] 63eea28c-140b-48f2-979e-248edc216a9e.jsonl  (94 msgs, 2 chunks)
  [index] f6e52350-8d2f-4c0b-a767-68790aa03abc.jsonl  (104 msgs, 2 chunks)
  [index] b6098c8f-d1f5-4fc5-b778-31241dc87e6f.jsonl  (93 msgs, 2 chunks)
  [index] e19ad92a-11ed-4944-84a8-0ff06b05baf3.jsonl  (941 msgs, 19 chunks)
  [index] b2cd2bc5-4839-437f-be04-ac185e3a477e.jsonl  (5 msgs, 1 chunks)
  [index] d0d2b098-0dd4-40e8-a449-7b7f66916bc2.jsonl  (230 msgs, 5 chunks)
  [index] 98492ae9-77d1-4eac-9082-ca4e8cc942d6.jsonl  (3 msgs, 1 chunks)
  [index] 82c3f8d0-da2c-4b14-ad5a-838b094f104a.jsonl  (3 msgs, 1 chunks)
  [index] dfc67b08-e14c-41b2-a4e2-c81cbfadedc2.jsonl  (1 msgs, 1 chunks)
  [index] fce2a54f-6839-4e5f-92a3-61ec3fa90bc8.jsonl  (102 msgs, 2 chunks)
  [index] 48ae7f6f-5b77-4b25-98b8-3a8ca0b808a0.jsonl  (1 msgs, 1 chunks)
  [index] d7fa25cf-27f7-458e-9754-bdb0a6c053b2.jsonl  (40 msgs, 1 chunks)
  [skip] unchanged 992d7a06-2be3-4261-b2f3-83625d8e0529.jsonl
  [index] b6098c8f-d1f5-4fc5-b778-31241dc87e6f.jsonl  (99 msgs, 2 chunks)
  [index] 24364166-dac9-4c13-a6d8-7203d4014cc5.jsonl  (2 msgs, 1 chunks)
  [index] 78f770de-e239-4f96-8213-c620d3b853b0.jsonl  (456 msgs, 9 chunks)
  [index] 2822d36d-d8fa-46b6-a3e7-797160f5ba47.jsonl  (3 msgs, 1 chunks)
  [index] 9c0e587f-4eca-40aa-8f3f-a71c859b6526.jsonl  (8 msgs, 1 chunks)
  [index] eb39b6c7-7a9b-463a-a3ac-01f7abc9a037.jsonl  (2 msgs, 1 chunks)
  [index] efd9efd2-617f-4ed7-9147-7a51c15e9bbb.jsonl  (2 msgs, 1 chunks)
  [index] 6b5f28d6-e657-4cf8-9b34-1a293e9a8f90.jsonl  (10 msgs, 1 chunks)
  [index] b0dd55cf-ffaa-4fe5-9aef-cdda10a98d40.jsonl  (229 msgs, 5 chunks)
  [index] 30f9204e-a092-4012-86d2-079c6bd41f3f.jsonl  (203 msgs, 4 chunks)
  [index] 9bb69abc-cdfe-49af-9dc1-1a99df64db9e.jsonl  (74 msgs, 2 chunks)
  [index] 28084059-def7-4900-9027-8f8394a5d1c9.jsonl  (490 msgs, 10 chunks)
  [index] 49703097-e546-4d05-a627-1819830e6eb3.jsonl  (136 msgs, 3 chunks)
  [index] 81ae7ccd-6457-4a8e-b13e-8abb5cf1712f.jsonl  (12 msgs, 1 chunks)
  [index] 8618f9bc-d755-4603-9248-46d11c281743.jsonl  (194 msgs, 4 chunks)
  [index] d7afdd30-37fa-4c55-bbc1-4c6c88b5659f.jsonl  (696 msgs, 14 chunks)
  [index] 0b007208-fb13-4612-bea3-57f15fb5a293.jsonl  (360 msgs, 7 chunks)
  [index] fc7a21a0-a405-4349-b8ce-4d35aedeefa0.jsonl  (58 msgs, 1 chunks)
  [index] f93cda20-5a6e-4944-a193-6d8452eebfc3.jsonl  (11 msgs, 1 chunks)
  [index] cc751535-9ffd-4399-b500-51ef19f824b5.jsonl  (20 msgs, 1 chunks)
  [index] 0e5b6823-d10d-4967-b04c-39dc5d8a5c09.jsonl  (88 msgs, 2 chunks)
  [index] 762cf246-3d7c-43cf-b1d8-70d0ad5d392f.jsonl  (9 msgs, 1 chunks)
  [index] b169c778-50bc-4a24-ad24-6e560f90cb53.jsonl  (134 msgs, 3 chunks)
  [index] 5d3e6fdf-9bbd-4f90-aca7-6c21f9c8af18.jsonl  (18 msgs, 1 chunks)
  [index] 915bf85c-6c43-40db-910d-268aac52382c.jsonl  (212 msgs, 5 chunks)
  [index] 26d7cd70-a879-47b4-a6b7-6ae1429cf63a.jsonl  (7 msgs, 1 chunks)
  [index] f71179c0-d700-4d07-b60f-dbfdeeb6729a.jsonl  (15 msgs, 1 chunks)
  [index] 80241f09-76d9-4d75-b57d-21c5ac0a9c90.jsonl  (11 msgs, 1 chunks)
  [index] ea10864f-c6cd-478c-a49e-ab3f3c408cd0.jsonl  (10 msgs, 1 chunks)
  [index] 9b9cb855-ed76-4ce0-a491-c188913611b9.jsonl  (25 msgs, 1 chunks)
  [index] d7fa25cf-27f7-458e-9754-bdb0a6c053b2.jsonl  (38 msgs, 1 chunks)
  [index] 3ae6feec-a716-4c1b-b20a-002dddbb11df.jsonl  (50 msgs, 1 chunks)
  [index] 01a61a8c-68cb-49df-8c1b-cf1f7ac0ae72.jsonl  (50 msgs, 1 chunks)
  [index] 8292d727-287a-4fc1-98ae-5b3e3621e0e9.json  (2 msgs, 1 chunks)
  [index] 8e1cb093-7b13-4249-8767-73e3cbac30d9.json  (0 msgs, 0 chunks)
  [index] 75c1a2d5-75b6-49a7-b815-dd7603597dec.json  (2 msgs, 1 chunks)
  [index] b0dc0b18-52b8-4f5c-bac9-e1de1aa66567.json  (10 msgs, 1 chunks)
  [index] 7959c808-b4be-462a-9665-3d4991f33009.json  (2 msgs, 1 chunks)
  [index] 42a0fcd2-06f7-4632-814e-e758629f444e.json  (0 msgs, 0 chunks)
  [index] 8f2728b9-53f4-47e9-bb9b-176f7e84cac4.json  (2 msgs, 1 chunks)
  [index] 9a99e508-1e7b-4034-9657-a055b4ca2af6.json  (12 msgs, 1 chunks)
  [index] a6bb455c-6ff8-4246-af74-68c366685812.json  (0 msgs, 0 chunks)
  [index] 18aa2023-6a77-41e6-9df4-4a0afb7020b9.json  (0 msgs, 0 chunks)
  [index] 144d96f3-c48c-44f9-be95-488f44055ef6.json  (0 msgs, 0 chunks)
  [index] 2bb20e02-a6d0-43c8-9bb1-2967c48624f0.json  (2 msgs, 1 chunks)
  [index] 17c7fa52-0720-4f36-99aa-d4f80db8703c.json  (1 msgs, 1 chunks)
  [index] f8016e30-79cb-4ca1-87ec-c470ba51f4dc.json  (9 msgs, 1 chunks)
  [index] b1a0d46d-d6a5-4e2b-a6da-050895c0fee1.json  (2 msgs, 1 chunks)
  [index] d2c5ed01-e21f-4953-9c1f-b44470822eb7.json  (1 msgs, 1 chunks)
  [index] 337a5f43-c480-4cdb-8aff-b43b6db8459d.json  (2 msgs, 1 chunks)
  [index] 10d5c21e-c9a8-4dbd-a399-6a089d9d4123.json  (1 msgs, 1 chunks)
  [index] 2b6ff7a6-9fe4-4f19-b042-a9810c5eeea6.json  (7 msgs, 1 chunks)
  [index] a6087c19-92cb-483c-a700-73789c165807.json  (7 msgs, 1 chunks)
  [index] 1b427f57-87c7-4917-9955-d3becdd715e4.json  (2 msgs, 1 chunks)
  [index] 37da50e4-843f-4036-94a1-39fa91b247a4.json  (0 msgs, 0 chunks)
  [index] 0afe0fff-0dec-45b1-8b3f-2555808a7e77.json  (2 msgs, 1 chunks)
  [index] 53ba1192-5a04-402b-9339-f2bb4d70db13.json  (2 msgs, 1 chunks)
  [index] fcb75cb3-6dba-460d-b36b-eb5ce5590189.json  (9 msgs, 1 chunks)
  [index] 53854f5b-0531-46b5-88c4-a346e736acba.json  (6 msgs, 1 chunks)
  [index] c654f937-d2da-46f1-8fe1-6b0f94909a7e.json  (3 msgs, 1 chunks)
  [index] 82f9a45e-dc5e-474a-8792-d2e76cebe69d.json  (8 msgs, 1 chunks)
  [index] 0bdbf334-87e8-49a2-8359-e0b50a5f5a55.json  (0 msgs, 0 chunks)
  [index] .aider.chat.history.md  (2 msgs, 1 chunks)
  [index] .aider.chat.history.md  (160 msgs, 3 chunks)
  [index] .aider.chat.history.md  (0 msgs, 0 chunks)
  [index] .aider.chat.history.md  (40 msgs, 1 chunks)
  [index] .aider.chat.history.md  (2 msgs, 1 chunks)
  [index] .aider.chat.history.md  (2 msgs, 1 chunks)
  [index] .aider.chat.history.md  (4 msgs, 1 chunks)
  [index] crush.db  (19 msgs, 1 chunks)
  [index] crush.db  (50 msgs, 1 chunks)
  [index] crush.db  (79 msgs, 2 chunks)
  [index] crush.db  (37 msgs, 1 chunks)
  [index] crush.db  (82 msgs, 2 chunks)
  [index] crush.db  (11 msgs, 1 chunks)
  [index] crush.db  (1 msgs, 1 chunks)
  [index] crush.db  (17 msgs, 1 chunks)
  [index] crush.db  (9 msgs, 1 chunks)
  [index] crush.db  (75 msgs, 2 chunks)
  [index] crush.db  (21 msgs, 1 chunks)
  [index] crush.db  (27 msgs, 1 chunks)
  [index] crush.db  (18 msgs, 1 chunks)
  [index] crush.db  (270 msgs, 6 chunks)
  [index] crush.db  (28 msgs, 1 chunks)
  [index] crush.db  (7 msgs, 1 chunks)
  [index] crush.db  (2 msgs, 1 chunks)
  [index] crush.db  (97 msgs, 2 chunks)
  [index] crush.db  (23 msgs, 1 chunks)
  [index] crush.db  (42 msgs, 1 chunks)
  [index] crush.db  (322 msgs, 7 chunks)
  [index] crush.db  (95 msgs, 2 chunks)
  [index] crush.db  (11 msgs, 1 chunks)
  [index] crush.db  (7 msgs, 1 chunks)
  [index] webui.db  (181 msgs, 4 chunks)

Done. files_processed=121 files_skipped=1 chunks_indexed=263 units_indexed=1018
